Flow report for cpu
Mon Sep 05 20:10:19 2016
Quartus II Version 9.1 Build 222 10/21/2009 SJ Full Version


---------------------
; Table of Contents ;
---------------------
  1. Legal Notice
  2. Flow Summary
  3. Flow Settings
  4. Flow Non-Default Global Settings
  5. Flow Elapsed Time
  6. Flow OS Summary
  7. Flow Log



----------------
; Legal Notice ;
----------------
Copyright (C) 1991-2009 Altera Corporation
Your use of Altera Corporation's design tools, logic functions 
and other software and tools, and its AMPP partner logic 
functions, and any output files from any of the foregoing 
(including device programming or simulation files), and any 
associated documentation or information are expressly subject 
to the terms and conditions of the Altera Program License 
Subscription Agreement, Altera MegaCore Function License 
Agreement, or other applicable license agreement, including, 
without limitation, that your use is for the sole purpose of 
programming logic devices manufactured by Altera and sold by 
Altera or its authorized distributors.  Please refer to the 
applicable agreement for further details.



+--------------------------------------------------------------------+
; Flow Summary                                                       ;
+-------------------------+------------------------------------------+
; Flow Status             ; Successful - Mon Sep 05 20:10:19 2016    ;
; Quartus II Version      ; 9.1 Build 222 10/21/2009 SJ Full Version ;
; Revision Name           ; cpu                                      ;
; Top-level Entity Name   ; CPU                                      ;
; Family                  ; MAX7000S                                 ;
; Device                  ; EPM7128SLC84-15                          ;
; Timing Models           ; Final                                    ;
; Met timing requirements ; Yes                                      ;
; Total macrocells        ; 38 / 128 ( 30 % )                        ;
; Total pins              ; 45 / 68 ( 66 % )                         ;
+-------------------------+------------------------------------------+


+-----------------------------------------+
; Flow Settings                           ;
+-------------------+---------------------+
; Option            ; Setting             ;
+-------------------+---------------------+
; Start date & time ; 09/05/2016 20:10:09 ;
; Main task         ; Compilation         ;
; Revision Name     ; cpu                 ;
+-------------------+---------------------+


+--------------------------------------------------------------------------------------------------------------------------------------------------+
; Flow Non-Default Global Settings                                                                                                                 ;
+------------------------------------+--------------------------------------------------------------+---------------+-------------+----------------+
; Assignment Name                    ; Value                                                        ; Default Value ; Entity Name ; Section Id     ;
+------------------------------------+--------------------------------------------------------------+---------------+-------------+----------------+
; COMPILER_SIGNATURE_ID              ; 44883556688060.147307740906752                               ; --            ; --          ; --             ;
; MAX_CORE_JUNCTION_TEMP             ; 85                                                           ; --            ; --          ; --             ;
; MIN_CORE_JUNCTION_TEMP             ; 0                                                            ; --            ; --          ; --             ;
; MISC_FILE                          ; C:/altera/91/quartus/CPU_exp/cpu.dpf                         ; --            ; --          ; --             ;
; MISC_FILE                          ; C:/Documents and Settings/Administrator/×ÀÃæ/CPU_exp/cpu.dpf ; --            ; --          ; --             ;
; USE_GENERATED_PHYSICAL_CONSTRAINTS ; Off                                                          ; --            ; --          ; eda_blast_fpga ;
+------------------------------------+--------------------------------------------------------------+---------------+-------------+----------------+


+-----------------------------------------------------------------------------------------------------------------------------+
; Flow Elapsed Time                                                                                                           ;
+-------------------------+--------------+-------------------------+---------------------+------------------------------------+
; Module Name             ; Elapsed Time ; Average Processors Used ; Peak Virtual Memory ; Total CPU Time (on all processors) ;
+-------------------------+--------------+-------------------------+---------------------+------------------------------------+
; Analysis & Synthesis    ; 00:00:03     ; 1.0                     ; 250 MB              ; 00:00:01                           ;
; Fitter                  ; 00:00:01     ; 1.0                     ; 197 MB              ; 00:00:00                           ;
; Assembler               ; 00:00:00     ; 1.0                     ; 185 MB              ; 00:00:00                           ;
; Classic Timing Analyzer ; 00:00:00     ; 1.0                     ; 173 MB              ; 00:00:00                           ;
; Total                   ; 00:00:04     ; --                      ; --                  ; 00:00:01                           ;
+-------------------------+--------------+-------------------------+---------------------+------------------------------------+


+------------------------------------------------------------------------------------------+
; Flow OS Summary                                                                          ;
+-------------------------+------------------+---------------+------------+----------------+
; Module Name             ; Machine Hostname ; OS Name       ; OS Version ; Processor type ;
+-------------------------+------------------+---------------+------------+----------------+
; Analysis & Synthesis    ; Lang-D           ; Windows Vista ; 6.2        ; x86_64         ;
; Fitter                  ; Lang-D           ; Windows Vista ; 6.2        ; x86_64         ;
; Assembler               ; Lang-D           ; Windows Vista ; 6.2        ; x86_64         ;
; Classic Timing Analyzer ; Lang-D           ; Windows Vista ; 6.2        ; x86_64         ;
+-------------------------+------------------+---------------+------------+----------------+


------------
; Flow Log ;
------------
quartus_map --read_settings_files=on --write_settings_files=off cpu -c cpu
quartus_fit --read_settings_files=off --write_settings_files=off cpu -c cpu
quartus_asm --read_settings_files=off --write_settings_files=off cpu -c cpu
quartus_tan --read_settings_files=off --write_settings_files=off cpu -c cpu



